<?xml version="1.0" encoding="UTF-8"?>
<!-- Generated by org.testng.reporters.JUnitXMLReporter -->
<testsuite ignored="1" hostname="DESKTOP-50R95LN" failures="0" tests="1" name="Test" time="8.353" errors="0" timestamp="2025-12-26T21:44:43 IST">
  <testcase classname="testcases.TC001_AccountRegistrationTest" name="verfifyAccountRegisistration" time="4.087"/>
  <testcase classname="testcases.TC002_LoginPage" name="verifylogin" time="0.0">
    <ignored/>
  </testcase> <!-- verifylogin -->
</testsuite> <!-- Test -->
