<?xml version="1.0" encoding="UTF-8"?>
<!-- Generated by org.testng.reporters.JUnitXMLReporter -->
<testsuite ignored="0" hostname="DESKTOP-50R95LN" failures="1" tests="5" name="Test" time="60.227" errors="0" timestamp="2025-12-31T12:12:03 IST">
  <testcase classname="testcases.TC003_LoginDDT" name="verify_loginDDT" time="3.581"/>
  <testcase classname="testcases.TC003_LoginDDT" name="verify_loginDDT" time="11.984"/>
  <testcase classname="testcases.TC003_LoginDDT" name="verify_loginDDT" time="11.276"/>
  <testcase classname="testcases.TC003_LoginDDT" name="verify_loginDDT" time="11.398"/>
  <testcase classname="testcases.TC003_LoginDDT" name="verify_loginDDT" time="11.366">
    <failure type="java.lang.AssertionError" message="expected [true] but found [false]">
      <![CDATA[java.lang.AssertionError: expected [true] but found [false]
at testcases.TC003_LoginDDT.verify_loginDDT(TC003_LoginDDT.java:50)
at java.base/java.util.ArrayList.forEach(ArrayList.java:1596)
... Removed 29 stack frames]]>
    </failure>
  </testcase> <!-- verify_loginDDT -->
</testsuite> <!-- Test -->
