<?xml version="1.0" encoding="UTF-8"?>
<testng-results ignored="0" total="2" passed="2" failed="0" skipped="0">
  <reporter-output>
  </reporter-output>
  <suite started-at="2026-01-03T15:20:01 IST" name="Suite" finished-at="2026-01-03T15:20:47 IST" duration-ms="45623">
    <groups>
      <group name="Master">
        <method signature="TC001_AccountRegistrationTest.verfifyAccountRegisistration()[pri:0, instance:testcases.TC001_AccountRegistrationTest@416c58f5]" name="verfifyAccountRegisistration" class="testcases.TC001_AccountRegistrationTest"/>
        <method signature="TC002_LoginPage.verifylogin()[pri:0, instance:testcases.TC002_LoginPage@60df60da]" name="verifylogin" class="testcases.TC002_LoginPage"/>
      </group> <!-- Master -->
      <group name="Sanity">
        <method signature="TC002_LoginPage.verifylogin()[pri:0, instance:testcases.TC002_LoginPage@60df60da]" name="verifylogin" class="testcases.TC002_LoginPage"/>
      </group> <!-- Sanity -->
      <group name="Regression">
        <method signature="TC001_AccountRegistrationTest.verfifyAccountRegisistration()[pri:0, instance:testcases.TC001_AccountRegistrationTest@416c58f5]" name="verfifyAccountRegisistration" class="testcases.TC001_AccountRegistrationTest"/>
      </group> <!-- Regression -->
    </groups>
    <test started-at="2026-01-03T15:20:01 IST" name="Test" finished-at="2026-01-03T15:20:47 IST" duration-ms="45623">
      <class name="testcases.TC001_AccountRegistrationTest">
        <test-method is-config="true" signature="setUp(java.lang.String,java.lang.String)[pri:0, instance:testcases.TC001_AccountRegistrationTest@416c58f5]" started-at="2026-01-03T15:20:02 IST" name="setUp" finished-at="2026-01-03T15:20:21 IST" duration-ms="18994" status="PASS">
          <params>
            <param index="0">
              <value>
                <![CDATA[Windows]]>
              </value>
            </param>
            <param index="1">
              <value>
                <![CDATA[Chrome]]>
              </value>
            </param>
          </params>
          <reporter-output>
          </reporter-output>
        </test-method> <!-- setUp -->
        <test-method signature="verfifyAccountRegisistration()[pri:0, instance:testcases.TC001_AccountRegistrationTest@416c58f5]" started-at="2026-01-03T15:20:21 IST" name="verfifyAccountRegisistration" finished-at="2026-01-03T15:20:30 IST" duration-ms="9233" status="PASS">
          <reporter-output>
          </reporter-output>
        </test-method> <!-- verfifyAccountRegisistration -->
        <test-method is-config="true" signature="tearDown()[pri:0, instance:testcases.TC001_AccountRegistrationTest@416c58f5]" started-at="2026-01-03T15:20:30 IST" name="tearDown" finished-at="2026-01-03T15:20:31 IST" duration-ms="243" status="PASS">
          <reporter-output>
          </reporter-output>
        </test-method> <!-- tearDown -->
      </class> <!-- testcases.TC001_AccountRegistrationTest -->
      <class name="testcases.TC002_LoginPage">
        <test-method is-config="true" signature="setUp(java.lang.String,java.lang.String)[pri:0, instance:testcases.TC002_LoginPage@60df60da]" started-at="2026-01-03T15:20:31 IST" name="setUp" finished-at="2026-01-03T15:20:43 IST" duration-ms="12722" status="PASS">
          <params>
            <param index="0">
              <value>
                <![CDATA[Windows]]>
              </value>
            </param>
            <param index="1">
              <value>
                <![CDATA[Chrome]]>
              </value>
            </param>
          </params>
          <reporter-output>
          </reporter-output>
        </test-method> <!-- setUp -->
        <test-method signature="verifylogin()[pri:0, instance:testcases.TC002_LoginPage@60df60da]" started-at="2026-01-03T15:20:43 IST" name="verifylogin" finished-at="2026-01-03T15:20:47 IST" duration-ms="3454" status="PASS">
          <reporter-output>
          </reporter-output>
        </test-method> <!-- verifylogin -->
        <test-method is-config="true" signature="tearDown()[pri:0, instance:testcases.TC002_LoginPage@60df60da]" started-at="2026-01-03T15:20:47 IST" name="tearDown" finished-at="2026-01-03T15:20:47 IST" duration-ms="257" status="PASS">
          <reporter-output>
          </reporter-output>
        </test-method> <!-- tearDown -->
      </class> <!-- testcases.TC002_LoginPage -->
    </test> <!-- Test -->
  </suite> <!-- Suite -->
</testng-results>
